<?xml version="1.0" encoding="UTF-8"?>
<testng-results ignored="0" total="1" passed="1" failed="0" skipped="0">
  <reporter-output>
  </reporter-output>
  <suite started-at="2021-05-27T21:11:03 IST" name="Suite" finished-at="2021-05-27T21:12:27 IST" duration-ms="84298">
    <groups>
    </groups>
    <test started-at="2021-05-27T21:11:03 IST" name="Test" finished-at="2021-05-27T21:12:27 IST" duration-ms="84298">
      <class name="com.capriconians.test.activitiestest">
        <test-method is-config="true" signature="objects()[pri:0, instance:com.capriconians.test.activitiestest@378542de]" started-at="2021-05-27T21:11:03 IST" name="objects" finished-at="2021-05-27T21:11:19 IST" duration-ms="15434" status="PASS">
          <reporter-output>
          </reporter-output>
        </test-method> <!-- objects -->
        <test-method signature="data(java.lang.String, java.lang.String, java.lang.String, java.lang.String, java.lang.String, java.lang.String, java.lang.String)[pri:0, instance:com.capriconians.test.activitiestest@378542de]" started-at="2021-05-27T21:11:19 IST" name="data" data-provider="getdata2" finished-at="2021-05-27T21:12:27 IST" duration-ms="67927" status="PASS">
          <params>
            <param index="0">
              <value>
                <![CDATA[magic1@yopmail.com]]>
              </value>
            </param>
            <param index="1">
              <value>
                <![CDATA[Testing@123]]>
              </value>
            </param>
            <param index="2">
              <value>
                <![CDATA[magic user]]>
              </value>
            </param>
            <param index="3">
              <value>
                <![CDATA[Admin added]]>
              </value>
            </param>
            <param index="4">
              <value>
                <![CDATA[Team star5]]>
              </value>
            </param>
            <param index="5">
              <value>
                <![CDATA[make22@yopmail.com]]>
              </value>
            </param>
            <param index="6">
              <value>
                <![CDATA[Testing@1234567]]>
              </value>
            </param>
          </params>
          <reporter-output>
          </reporter-output>
        </test-method> <!-- data -->
        <test-method is-config="true" signature="tearDown()[pri:0, instance:com.capriconians.test.activitiestest@378542de]" started-at="2021-05-27T21:12:27 IST" name="tearDown" finished-at="2021-05-27T21:12:27 IST" duration-ms="772" status="PASS">
          <reporter-output>
          </reporter-output>
        </test-method> <!-- tearDown -->
      </class> <!-- com.capriconians.test.activitiestest -->
    </test> <!-- Test -->
  </suite> <!-- Suite -->
</testng-results>
