<?xml version="1.0" encoding="UTF-8"?>
<testng-results ignored="2" total="3" passed="1" failed="0" skipped="0">
  <reporter-output>
  </reporter-output>
  <suite started-at="2021-06-22T18:39:09 IST" name="Suite" finished-at="2021-06-22T18:39:12 IST" duration-ms="2808">
    <groups>
    </groups>
    <test started-at="2021-06-22T18:39:09 IST" name="Test" finished-at="2021-06-22T18:39:12 IST" duration-ms="2808">
      <class name="Testcase.apitesting">
        <test-method signature="register()[pri:0, instance:Testcase.apitesting@8317c52]" started-at="2021-06-22T18:39:09 IST" name="register" finished-at="2021-06-22T18:39:12 IST" duration-ms="2782" status="PASS">
          <reporter-output>
          </reporter-output>
        </test-method> <!-- register -->
      </class> <!-- Testcase.apitesting -->
    </test> <!-- Test -->
  </suite> <!-- Suite -->
</testng-results>
