<?xml version="1.0" encoding="UTF-8"?>
<testng-results ignored="3" total="4" passed="1" failed="0" skipped="0">
  <reporter-output>
  </reporter-output>
  <suite started-at="2021-07-07T19:24:43 IST" name="Default suite" finished-at="2021-07-07T19:24:46 IST" duration-ms="3135">
    <groups>
    </groups>
    <test started-at="2021-07-07T19:24:43 IST" name="Default test" finished-at="2021-07-07T19:24:46 IST" duration-ms="3135">
      <class name="Testcase.apitesting">
        <test-method signature="getsomedata()[pri:0, instance:Testcase.apitesting@76f2bbc1]" started-at="2021-07-07T19:24:43 IST" name="getsomedata" finished-at="2021-07-07T19:24:46 IST" duration-ms="3095" status="PASS">
          <reporter-output>
          </reporter-output>
        </test-method> <!-- getsomedata -->
      </class> <!-- Testcase.apitesting -->
    </test> <!-- Default test -->
  </suite> <!-- Default suite -->
</testng-results>
