<?xml version="1.0" encoding="UTF-8"?>
<!-- Generated by org.testng.reporters.JUnitXMLReporter -->
<testsuite ignored="1" hostname="DESKTOP-HV39KHQ" failures="1" tests="1" name="Test" time="24.113" errors="0" timestamp="2021-06-26T20:17:50 IST">
  <testcase classname="src.realppium.test.meettest" name="signin" time="12.433">
    <failure type="io.appium.java_client.NoSuchContextException" message="No such context found.
Build info: version: &amp;apos;3.141.59&amp;apos;, revision: &amp;apos;e82be7d358&amp;apos;, time: &amp;apos;2018-11-14T08:17:03&amp;apos;
System info: host: &amp;apos;DESKTOP-HV39KHQ&amp;apos;, ip: &amp;apos;192.168.0.105&amp;apos;, os.name: &amp;apos;Windows 10&amp;apos;, os.arch: &amp;apos;amd64&amp;apos;, os.version: &amp;apos;10.0&amp;apos;, java.version: &amp;apos;15.0.2&amp;apos;
Driver info: io.appium.java_client.android.AndroidDriver
Capabilities {appActivity: com.consally.MainActivity, appPackage: com.consally, databaseEnabled: false, desired: {appActivity: com.consally.MainActivity, appPackage: com.consally, deviceName: oneplus 7 pro, platformName: android, platformVersion: 11, udid: 6ac662bb}, deviceApiLevel: 30, deviceManufacturer: OnePlus, deviceModel: GM1911, deviceName: 6ac662bb, deviceScreenDensity: 420, deviceScreenSize: 1080x2340, deviceUDID: 6ac662bb, javascriptEnabled: true, locationContextEnabled: false, networkConnectionEnabled: true, pixelRatio: 2.625, platform: LINUX, platformName: Android, platformVersion: 11, statBarHeight: 96, takesScreenshot: true, udid: 6ac662bb, viewportRect: {height: 2202, left: 0, top: 96, width: 1080}, warnings: {}, webStorageEnabled: false}
Session ID: d198afc3-185a-47fa-afcc-f8e5618a0f79">
      <![CDATA[io.appium.java_client.NoSuchContextException: No such context found.
Build info: version: '3.141.59', revision: 'e82be7d358', time: '2018-11-14T08:17:03'
System info: host: 'DESKTOP-HV39KHQ', ip: '192.168.0.105', os.name: 'Windows 10', os.arch: 'amd64', os.version: '10.0', java.version: '15.0.2'
Driver info: io.appium.java_client.android.AndroidDriver
Capabilities {appActivity: com.consally.MainActivity, appPackage: com.consally, databaseEnabled: false, desired: {appActivity: com.consally.MainActivity, appPackage: com.consally, deviceName: oneplus 7 pro, platformName: android, platformVersion: 11, udid: 6ac662bb}, deviceApiLevel: 30, deviceManufacturer: OnePlus, deviceModel: GM1911, deviceName: 6ac662bb, deviceScreenDensity: 420, deviceScreenSize: 1080x2340, deviceUDID: 6ac662bb, javascriptEnabled: true, locationContextEnabled: false, networkConnectionEnabled: true, pixelRatio: 2.625, platform: LINUX, platformName: Android, platformVersion: 11, statBarHeight: 96, takesScreenshot: true, udid: 6ac662bb, viewportRect: {height: 2202, left: 0, top: 96, width: 1080}, warnings: {}, webStorageEnabled: false}
Session ID: d198afc3-185a-47fa-afcc-f8e5618a0f79
at io.appium.java_client.AppiumDriver.context(AppiumDriver.java:231)
at src.realappium.pages.login.logindata(login.java:48)
at src.realppium.test.meettest.signin(meettest.java:58)
at java.base/java.util.ArrayList.forEach(ArrayList.java:1511)
Caused by: org.openqa.selenium.WebDriverException: No such context found.
Build info: version: '3.141.59', revision: 'e82be7d358', time: '2018-11-14T08:17:03'
System info: host: 'DESKTOP-HV39KHQ', ip: '192.168.0.105', os.name: 'Windows 10', os.arch: 'amd64', os.version: '10.0', java.version: '15.0.2'
Driver info: io.appium.java_client.android.AndroidDriver
Capabilities {appActivity: com.consally.MainActivity, appPackage: com.consally, databaseEnabled: false, desired: {appActivity: com.consally.MainActivity, appPackage: com.consally, deviceName: oneplus 7 pro, platformName: android, platformVersion: 11, udid: 6ac662bb}, deviceApiLevel: 30, deviceManufacturer: OnePlus, deviceModel: GM1911, deviceName: 6ac662bb, deviceScreenDensity: 420, deviceScreenSize: 1080x2340, deviceUDID: 6ac662bb, javascriptEnabled: true, locationContextEnabled: false, networkConnectionEnabled: true, pixelRatio: 2.625, platform: LINUX, platformName: Android, platformVersion: 11, statBarHeight: 96, takesScreenshot: true, udid: 6ac662bb, viewportRect: {height: 2202, left: 0, top: 96, width: 1080}, warnings: {}, webStorageEnabled: false}
Session ID: d198afc3-185a-47fa-afcc-f8e5618a0f79
at org.openqa.selenium.remote.http.W3CHttpResponseCodec.createException(W3CHttpResponseCodec.java:187)
at org.openqa.selenium.remote.http.W3CHttpResponseCodec.decode(W3CHttpResponseCodec.java:122)
at org.openqa.selenium.remote.http.W3CHttpResponseCodec.decode(W3CHttpResponseCodec.java:49)
at org.openqa.selenium.remote.HttpCommandExecutor.execute(HttpCommandExecutor.java:158)
at io.appium.java_client.remote.AppiumCommandExecutor.execute(AppiumCommandExecutor.java:239)
at org.openqa.selenium.remote.RemoteWebDriver.execute(RemoteWebDriver.java:552)
at io.appium.java_client.DefaultGenericMobileDriver.execute(DefaultGenericMobileDriver.java:41)
at io.appium.java_client.AppiumDriver.execute(AppiumDriver.java:1)
at io.appium.java_client.android.AndroidDriver.execute(AndroidDriver.java:1)
at io.appium.java_client.AppiumDriver.context(AppiumDriver.java:228)
... 30 more
... Removed 32 stack frames]]>
    </failure>
  </testcase> <!-- signin -->
  <testcase classname="src.realppium.test.meettest" name="createmeeting" time="0.0">
    <ignored/>
  </testcase> <!-- createmeeting -->
</testsuite> <!-- Test -->
