<?xml version="1.0" encoding="UTF-8"?>
<testng-results ignored="0" total="2" passed="2" failed="0" skipped="0">
  <reporter-output>
  </reporter-output>
  <suite started-at="2021-06-27T12:34:38 IST" name="Default suite" finished-at="2021-06-27T12:36:38 IST" duration-ms="119652">
    <groups>
    </groups>
    <test started-at="2021-06-27T12:34:38 IST" name="Default test" finished-at="2021-06-27T12:36:38 IST" duration-ms="119652">
      <class name="src.realppium.test.meettest">
        <test-method is-config="true" signature="objects()[pri:0, instance:src.realppium.test.meettest@6d3a388c]" started-at="2021-06-27T12:34:38 IST" name="objects" finished-at="2021-06-27T12:34:48 IST" duration-ms="9847" status="PASS">
          <reporter-output>
          </reporter-output>
        </test-method> <!-- objects -->
        <test-method signature="signin(java.lang.String, java.lang.String, java.lang.String, java.lang.String, java.lang.String)[pri:1, instance:src.realppium.test.meettest@6d3a388c]" started-at="2021-06-27T12:34:48 IST" name="signin" data-provider="getdata" finished-at="2021-06-27T12:35:31 IST" duration-ms="42424" status="PASS">
          <params>
            <param index="0">
              <value>
                <![CDATA[usedev3@gmail.com]]>
              </value>
            </param>
            <param index="1">
              <value>
                <![CDATA[Testing@123]]>
              </value>
            </param>
            <param index="2">
              <value>
                <![CDATA[Meet Leaders]]>
              </value>
            </param>
            <param index="3">
              <value>
                <![CDATA[user dev]]>
              </value>
            </param>
            <param index="4">
              <value>
                <![CDATA[]]>
              </value>
            </param>
          </params>
          <reporter-output>
          </reporter-output>
        </test-method> <!-- signin -->
        <test-method is-config="true" signature="tearDown()[pri:0, instance:src.realppium.test.meettest@6d3a388c]" started-at="2021-06-27T12:35:31 IST" name="tearDown" finished-at="2021-06-27T12:35:31 IST" duration-ms="811" status="PASS">
          <reporter-output>
          </reporter-output>
        </test-method> <!-- tearDown -->
        <test-method is-config="true" signature="objects()[pri:0, instance:src.realppium.test.meettest@6d3a388c]" started-at="2021-06-27T12:35:31 IST" name="objects" finished-at="2021-06-27T12:35:41 IST" duration-ms="9629" status="PASS">
          <reporter-output>
          </reporter-output>
        </test-method> <!-- objects -->
        <test-method signature="createmeeting(java.lang.String, java.lang.String, java.lang.String, java.lang.String)[pri:2, instance:src.realppium.test.meettest@6d3a388c]" started-at="2021-06-27T12:35:41 IST" name="createmeeting" data-provider="getdata1" finished-at="2021-06-27T12:36:37 IST" duration-ms="56013" status="PASS">
          <params>
            <param index="0">
              <value>
                <![CDATA[Automate]]>
              </value>
            </param>
            <param index="1">
              <value>
                <![CDATA[Alumnis]]>
              </value>
            </param>
            <param index="2">
              <value>
                <![CDATA[india]]>
              </value>
            </param>
            <param index="3">
              <value>
                <![CDATA[All about data]]>
              </value>
            </param>
          </params>
          <reporter-output>
          </reporter-output>
        </test-method> <!-- createmeeting -->
        <test-method is-config="true" signature="tearDown()[pri:0, instance:src.realppium.test.meettest@6d3a388c]" started-at="2021-06-27T12:36:37 IST" name="tearDown" finished-at="2021-06-27T12:36:38 IST" duration-ms="768" status="PASS">
          <reporter-output>
          </reporter-output>
        </test-method> <!-- tearDown -->
      </class> <!-- src.realppium.test.meettest -->
    </test> <!-- Default test -->
  </suite> <!-- Default suite -->
</testng-results>
