<?xml version="1.0" encoding="UTF-8"?>
<!-- Generated by org.testng.reporters.JUnitXMLReporter -->
<testsuite ignored="2" hostname="DESKTOP-HV39KHQ" failures="0" tests="1" name="Test" time="2.808" errors="0" timestamp="2021-06-22T18:39:12 IST">
  <testcase classname="Testcase.apitesting" name="register" time="2.782"/>
  <testcase classname="Testcase.apitesting" name="get" time="0.0">
    <ignored/>
  </testcase> <!-- get -->
  <testcase classname="Testcase.apitesting" name="put" time="0.0">
    <ignored/>
  </testcase> <!-- put -->
</testsuite> <!-- Test -->
