<?xml version="1.0" encoding="UTF-8"?>
<!-- Generated by org.testng.reporters.JUnitXMLReporter -->
<testsuite ignored="1" hostname="DESKTOP-HV39KHQ" failures="0" tests="1" name="Default test" time="44.479" errors="0" timestamp="2021-06-23T21:03:16 IST">
  <testcase classname="src.mobileapp.test.meettest" name="createmeeting" time="33.849"/>
  <testcase classname="src.mobileapp.test.meettest" name="signin" time="0.0">
    <ignored/>
  </testcase> <!-- signin -->
</testsuite> <!-- Default test -->
