<?xml version="1.0" encoding="UTF-8"?>
<testng-results ignored="1" total="2" passed="0" failed="1" skipped="0">
  <reporter-output>
  </reporter-output>
  <suite started-at="2021-06-23T17:22:58 IST" name="Suite" finished-at="2021-06-23T17:23:23 IST" duration-ms="24354">
    <groups>
    </groups>
    <test started-at="2021-06-23T17:22:58 IST" name="Test" finished-at="2021-06-23T17:23:23 IST" duration-ms="24354">
      <class name="src.mobileapp.test.meettest">
        <test-method is-config="true" signature="objects()[pri:0, instance:src.mobileapp.test.meettest@4efc180e]" started-at="2021-06-23T17:22:59 IST" name="objects" finished-at="2021-06-23T17:23:05 IST" duration-ms="6807" status="PASS">
          <reporter-output>
          </reporter-output>
        </test-method> <!-- objects -->
        <test-method signature="createmeeting(java.lang.String, java.lang.String, java.lang.String, java.lang.String, java.lang.String, java.lang.String)[pri:2, instance:src.mobileapp.test.meettest@4efc180e]" started-at="2021-06-23T17:23:05 IST" name="createmeeting" data-provider="getdata1" finished-at="2021-06-23T17:23:20 IST" duration-ms="14676" status="FAIL">
          <params>
            <param index="0">
              <value>
                <![CDATA[usedev3@gmail.com]]>
              </value>
            </param>
            <param index="1">
              <value>
                <![CDATA[Testing@123]]>
              </value>
            </param>
            <param index="2">
              <value>
                <![CDATA[Automate]]>
              </value>
            </param>
            <param index="3">
              <value>
                <![CDATA[Alumins]]>
              </value>
            </param>
            <param index="4">
              <value>
                <![CDATA[india]]>
              </value>
            </param>
            <param index="5">
              <value>
                <![CDATA[All about data]]>
              </value>
            </param>
          </params>
          <exception class="org.openqa.selenium.NoSuchElementException">
            <message>
              <![CDATA[no such element (An element could not be located on the page using the given search parameters (XPATH='//*[@text='Alumins']'))  (WARNING: The server did not provide any stacktrace information)
Command duration or timeout: 0 milliseconds
For documentation on this error, please visit: https://www.seleniumhq.org/exceptions/no_such_element.html
Build info: version: '3.141.59', revision: 'e82be7d358', time: '2018-11-14T08:17:03'
System info: host: 'DESKTOP-HV39KHQ', ip: '192.168.137.1', os.name: 'Windows 10', os.arch: 'amd64', os.version: '10.0', java.version: '15.0.2'
Driver info: io.appium.java_client.android.AndroidDriver
Capabilities {appBuildVersion: , appReleaseVersion: , appiumVersion: 1.8.0, applicationClearData: false, autoAcceptAlerts: false, autoDismissAlerts: false, autoGrantPermissions: false, autoWebview: false, commandTimeouts: 120000, desired: {platformName: Android, reportDirectory: reports, reportFormat: xml, testName: Untitled, udid: 6ac662bb}, device.category: PHONE, device.majorVersion: 11, device.manufacture: OnePlus, device.model: GM1911, device.name: GM1911, device.os: Android, device.screenSize: 1080x2340, device.serialNumber: 6ac662bb, device.version: 11, deviceUDID: 6ac662bb, dontGoHomeOnQuit: false, dontStopAppOnReset: false, fullReset: false, install.only.for.update: false, installOnlyForUpdate: false, instrumentApp: false, javascriptEnabled: true, keystorePath: ~/.android/debug.keystore, locationServicesAuthorized: false, newSessionWaitTimeout: 600, noReset: false, platform: ANDROID, platformName: Android, projectName: , reportDirectory: reports, reportFormat: xml, reportUrl: C:\Users\midhu\appiumstudio..., reservationDuration: 240, takeScreenshots: true, test.type: Mobile, testName: Untitled, udid: 6ac662bb, useKeystore: false, waitForDeviceTimeout: 120000}
Session ID: e9d22aac-7fae-4ed2-af00-21668b94eab8
*** Element info: {Using=xpath, value=//*[@text='Alumins']}]]>
            </message>
            <full-stacktrace>
              <![CDATA[org.openqa.selenium.NoSuchElementException: no such element (An element could not be located on the page using the given search parameters (XPATH='//*[@text='Alumins']'))  (WARNING: The server did not provide any stacktrace information)
Command duration or timeout: 0 milliseconds
For documentation on this error, please visit: https://www.seleniumhq.org/exceptions/no_such_element.html
Build info: version: '3.141.59', revision: 'e82be7d358', time: '2018-11-14T08:17:03'
System info: host: 'DESKTOP-HV39KHQ', ip: '192.168.137.1', os.name: 'Windows 10', os.arch: 'amd64', os.version: '10.0', java.version: '15.0.2'
Driver info: io.appium.java_client.android.AndroidDriver
Capabilities {appBuildVersion: , appReleaseVersion: , appiumVersion: 1.8.0, applicationClearData: false, autoAcceptAlerts: false, autoDismissAlerts: false, autoGrantPermissions: false, autoWebview: false, commandTimeouts: 120000, desired: {platformName: Android, reportDirectory: reports, reportFormat: xml, testName: Untitled, udid: 6ac662bb}, device.category: PHONE, device.majorVersion: 11, device.manufacture: OnePlus, device.model: GM1911, device.name: GM1911, device.os: Android, device.screenSize: 1080x2340, device.serialNumber: 6ac662bb, device.version: 11, deviceUDID: 6ac662bb, dontGoHomeOnQuit: false, dontStopAppOnReset: false, fullReset: false, install.only.for.update: false, installOnlyForUpdate: false, instrumentApp: false, javascriptEnabled: true, keystorePath: ~/.android/debug.keystore, locationServicesAuthorized: false, newSessionWaitTimeout: 600, noReset: false, platform: ANDROID, platformName: Android, projectName: , reportDirectory: reports, reportFormat: xml, reportUrl: C:\Users\midhu\appiumstudio..., reservationDuration: 240, takeScreenshots: true, test.type: Mobile, testName: Untitled, udid: 6ac662bb, useKeystore: false, waitForDeviceTimeout: 120000}
Session ID: e9d22aac-7fae-4ed2-af00-21668b94eab8
*** Element info: {Using=xpath, value=//*[@text='Alumins']}
at java.base/jdk.internal.reflect.NativeConstructorAccessorImpl.newInstance0(Native Method)
at java.base/jdk.internal.reflect.NativeConstructorAccessorImpl.newInstance(NativeConstructorAccessorImpl.java:64)
at java.base/jdk.internal.reflect.DelegatingConstructorAccessorImpl.newInstance(DelegatingConstructorAccessorImpl.java:45)
at java.base/java.lang.reflect.Constructor.newInstanceWithCaller(Constructor.java:500)
at java.base/java.lang.reflect.Constructor.newInstance(Constructor.java:481)
at org.openqa.selenium.remote.ErrorHandler.createThrowable(ErrorHandler.java:214)
at org.openqa.selenium.remote.ErrorHandler.throwIfResponseFailed(ErrorHandler.java:166)
at org.openqa.selenium.remote.http.JsonHttpResponseCodec.reconstructValue(JsonHttpResponseCodec.java:40)
at org.openqa.selenium.remote.http.AbstractHttpResponseCodec.decode(AbstractHttpResponseCodec.java:80)
at org.openqa.selenium.remote.http.AbstractHttpResponseCodec.decode(AbstractHttpResponseCodec.java:44)
at org.openqa.selenium.remote.HttpCommandExecutor.execute(HttpCommandExecutor.java:158)
at io.appium.java_client.remote.AppiumCommandExecutor.execute(AppiumCommandExecutor.java:239)
at org.openqa.selenium.remote.RemoteWebDriver.execute(RemoteWebDriver.java:552)
at io.appium.java_client.DefaultGenericMobileDriver.execute(DefaultGenericMobileDriver.java:41)
at io.appium.java_client.AppiumDriver.execute(AppiumDriver.java:1)
at io.appium.java_client.android.AndroidDriver.execute(AndroidDriver.java:1)
at org.openqa.selenium.remote.RemoteWebDriver.findElement(RemoteWebDriver.java:323)
at io.appium.java_client.DefaultGenericMobileDriver.findElement(DefaultGenericMobileDriver.java:61)
at io.appium.java_client.AppiumDriver.findElement(AppiumDriver.java:1)
at io.appium.java_client.android.AndroidDriver.findElement(AndroidDriver.java:1)
at org.openqa.selenium.remote.RemoteWebDriver.findElementByXPath(RemoteWebDriver.java:428)
at io.appium.java_client.DefaultGenericMobileDriver.findElementByXPath(DefaultGenericMobileDriver.java:151)
at io.appium.java_client.AppiumDriver.findElementByXPath(AppiumDriver.java:1)
at io.appium.java_client.android.AndroidDriver.findElementByXPath(AndroidDriver.java:1)
at org.openqa.selenium.By$ByXPath.findElement(By.java:353)
at org.openqa.selenium.remote.RemoteWebDriver.findElement(RemoteWebDriver.java:315)
at io.appium.java_client.DefaultGenericMobileDriver.findElement(DefaultGenericMobileDriver.java:57)
at io.appium.java_client.AppiumDriver.findElement(AppiumDriver.java:1)
at io.appium.java_client.android.AndroidDriver.findElement(AndroidDriver.java:1)
at src.mobileapp.pages.Meet.createmeeting(Meet.java:193)
at src.mobileapp.test.meettest.createmeeting(meettest.java:77)
at java.base/jdk.internal.reflect.NativeMethodAccessorImpl.invoke0(Native Method)
at java.base/jdk.internal.reflect.NativeMethodAccessorImpl.invoke(NativeMethodAccessorImpl.java:64)
at java.base/jdk.internal.reflect.DelegatingMethodAccessorImpl.invoke(DelegatingMethodAccessorImpl.java:43)
at java.base/java.lang.reflect.Method.invoke(Method.java:564)
at org.testng.internal.MethodInvocationHelper.invokeMethod(MethodInvocationHelper.java:132)
at org.testng.internal.TestInvoker.invokeMethod(TestInvoker.java:599)
at org.testng.internal.TestInvoker.invokeTestMethod(TestInvoker.java:174)
at org.testng.internal.MethodRunner.runInSequence(MethodRunner.java:46)
at org.testng.internal.TestInvoker$MethodInvocationAgent.invoke(TestInvoker.java:822)
at org.testng.internal.TestInvoker.invokeTestMethods(TestInvoker.java:147)
at org.testng.internal.TestMethodWorker.invokeTestMethods(TestMethodWorker.java:146)
at org.testng.internal.TestMethodWorker.run(TestMethodWorker.java:128)
at java.base/java.util.ArrayList.forEach(ArrayList.java:1511)
at org.testng.TestRunner.privateRun(TestRunner.java:764)
at org.testng.TestRunner.run(TestRunner.java:585)
at org.testng.SuiteRunner.runTest(SuiteRunner.java:384)
at org.testng.SuiteRunner.runSequentially(SuiteRunner.java:378)
at org.testng.SuiteRunner.privateRun(SuiteRunner.java:337)
at org.testng.SuiteRunner.run(SuiteRunner.java:286)
at org.testng.SuiteRunnerWorker.runSuite(SuiteRunnerWorker.java:53)
at org.testng.SuiteRunnerWorker.run(SuiteRunnerWorker.java:96)
at org.testng.TestNG.runSuitesSequentially(TestNG.java:1218)
at org.testng.TestNG.runSuitesLocally(TestNG.java:1140)
at org.testng.TestNG.runSuites(TestNG.java:1069)
at org.testng.TestNG.run(TestNG.java:1037)
at org.testng.remote.AbstractRemoteTestNG.run(AbstractRemoteTestNG.java:115)
at org.testng.remote.RemoteTestNG.initAndRun(RemoteTestNG.java:251)
at org.testng.remote.RemoteTestNG.main(RemoteTestNG.java:77)
]]>
            </full-stacktrace>
          </exception> <!-- org.openqa.selenium.NoSuchElementException -->
          <reporter-output>
          </reporter-output>
        </test-method> <!-- createmeeting -->
        <test-method is-config="true" signature="tearDown()[pri:0, instance:src.mobileapp.test.meettest@4efc180e]" started-at="2021-06-23T17:23:20 IST" name="tearDown" finished-at="2021-06-23T17:23:23 IST" duration-ms="2695" status="PASS">
          <reporter-output>
          </reporter-output>
        </test-method> <!-- tearDown -->
      </class> <!-- src.mobileapp.test.meettest -->
    </test> <!-- Test -->
  </suite> <!-- Suite -->
</testng-results>
