<?xml version="1.0" encoding="UTF-8"?>
<testng-results ignored="1" total="2" passed="1" failed="0" skipped="0">
  <reporter-output>
  </reporter-output>
  <suite started-at="2021-06-23T21:02:32 IST" name="Default suite" finished-at="2021-06-23T21:03:16 IST" duration-ms="44479">
    <groups>
    </groups>
    <test started-at="2021-06-23T21:02:32 IST" name="Default test" finished-at="2021-06-23T21:03:16 IST" duration-ms="44479">
      <class name="src.mobileapp.test.meettest">
        <test-method is-config="true" signature="objects()[pri:0, instance:src.mobileapp.test.meettest@4efc180e]" started-at="2021-06-23T21:02:32 IST" name="objects" finished-at="2021-06-23T21:02:39 IST" duration-ms="6716" status="PASS">
          <reporter-output>
          </reporter-output>
        </test-method> <!-- objects -->
        <test-method signature="createmeeting(java.lang.String, java.lang.String, java.lang.String, java.lang.String)[pri:2, instance:src.mobileapp.test.meettest@4efc180e]" started-at="2021-06-23T21:02:39 IST" name="createmeeting" data-provider="getdata1" finished-at="2021-06-23T21:03:13 IST" duration-ms="33849" status="PASS">
          <params>
            <param index="0">
              <value>
                <![CDATA[Automate]]>
              </value>
            </param>
            <param index="1">
              <value>
                <![CDATA[Alumnis]]>
              </value>
            </param>
            <param index="2">
              <value>
                <![CDATA[india]]>
              </value>
            </param>
            <param index="3">
              <value>
                <![CDATA[All about data]]>
              </value>
            </param>
          </params>
          <reporter-output>
          </reporter-output>
        </test-method> <!-- createmeeting -->
        <test-method is-config="true" signature="tearDown()[pri:0, instance:src.mobileapp.test.meettest@4efc180e]" started-at="2021-06-23T21:03:13 IST" name="tearDown" finished-at="2021-06-23T21:03:16 IST" duration-ms="3743" status="PASS">
          <reporter-output>
          </reporter-output>
        </test-method> <!-- tearDown -->
      </class> <!-- src.mobileapp.test.meettest -->
    </test> <!-- Default test -->
  </suite> <!-- Default suite -->
</testng-results>
