<?xml version="1.0" encoding="UTF-8"?>
<!-- Generated by org.testng.reporters.JUnitXMLReporter -->
<testsuite ignored="2" hostname="DESKTOP-HV39KHQ" failures="0" tests="1" name="Default test" time="2.812" errors="0" timestamp="2021-06-19T14:28:50 IST">
  <testcase classname="Testcase.apitesting" name="register" time="2.783"/>
  <testcase classname="Testcase.apitesting" name="get" time="0.0">
    <ignored/>
  </testcase> <!-- get -->
  <testcase classname="Testcase.apitesting" name="put" time="0.0">
    <ignored/>
  </testcase> <!-- put -->
</testsuite> <!-- Default test -->
