<?xml version="1.0" encoding="UTF-8"?>
<!-- Generated by org.testng.reporters.JUnitXMLReporter -->
<testsuite ignored="3" hostname="DESKTOP-HV39KHQ" failures="0" tests="1" name="Default test" time="3.135" errors="0" timestamp="2021-07-07T19:24:46 IST">
  <testcase classname="Testcase.apitesting" name="getsomedata" time="3.095"/>
  <testcase classname="Testcase.apitesting" name="get" time="0.0">
    <ignored/>
  </testcase> <!-- get -->
  <testcase classname="Testcase.apitesting" name="register" time="0.0">
    <ignored/>
  </testcase> <!-- register -->
  <testcase classname="Testcase.apitesting" name="put" time="0.0">
    <ignored/>
  </testcase> <!-- put -->
</testsuite> <!-- Default test -->
